  FirstApp.cpp
c:\users\vincentdu\desktop\csu_master\fall_2017\5125\firstappglew\firstapp\angel.h(64): warning C4305: 'initializing': truncation from 'double' to 'GLfloat'
c:\users\vincentdu\desktop\csu_master\fall_2017\5125\firstappglew\firstapp\mat.h(698): warning C4244: '=': conversion from 'double' to 'GLfloat', possible loss of data
c:\users\vincentdu\desktop\csu_master\fall_2017\5125\firstappglew\firstapp\mat.h(699): warning C4244: '=': conversion from 'double' to 'GLfloat', possible loss of data
c:\users\vincentdu\desktop\csu_master\fall_2017\5125\firstappglew\firstapp\mat.h(700): warning C4244: '=': conversion from 'double' to 'GLfloat', possible loss of data
c:\users\vincentdu\desktop\csu_master\fall_2017\5125\firstappglew\firstapp\mat.h(721): warning C4244: '=': conversion from 'double' to 'GLfloat', possible loss of data
c:\users\vincentdu\desktop\csu_master\fall_2017\5125\firstappglew\firstapp\mat.h(723): warning C4244: '=': conversion from 'double' to 'GLfloat', possible loss of data
c:\users\vincentdu\desktop\csu_master\fall_2017\5125\firstappglew\firstapp\mat.h(726): warning C4244: '=': conversion from 'double' to 'GLfloat', possible loss of data
c:\users\vincentdu\desktop\csu_master\fall_2017\5125\firstappglew\firstapp\mat.h(743): warning C4244: '=': conversion from 'double' to 'GLfloat', possible loss of data
c:\users\vincentdu\desktop\csu_master\fall_2017\5125\firstappglew\firstapp\firstapp.cpp(13): warning C4305: 'initializing': truncation from 'double' to 'float'
c:\users\vincentdu\desktop\csu_master\fall_2017\5125\firstappglew\firstapp\firstapp.cpp(150): warning C4244: '=': conversion from 'int' to 'GLfloat', possible loss of data
c:\users\vincentdu\desktop\csu_master\fall_2017\5125\firstappglew\firstapp\firstapp.cpp(151): warning C4244: '=': conversion from 'int' to 'GLfloat', possible loss of data
c:\users\vincentdu\desktop\csu_master\fall_2017\5125\firstappglew\firstapp\firstapp.cpp(178): warning C4244: '=': conversion from 'GLfloat' to 'GLint', possible loss of data
c:\users\vincentdu\desktop\csu_master\fall_2017\5125\firstappglew\firstapp\firstapp.cpp(215): warning C4244: '=': conversion from 'GLfloat' to 'GLint', possible loss of data
c:\users\vincentdu\desktop\csu_master\fall_2017\5125\firstappglew\firstapp\firstapp.cpp(232): warning C4244: '=': conversion from 'GLfloat' to 'int', possible loss of data
c:\users\vincentdu\desktop\csu_master\fall_2017\5125\firstappglew\firstapp\firstapp.cpp(383): warning C4305: '*=': truncation from 'double' to 'GLfloat'
c:\users\vincentdu\desktop\csu_master\fall_2017\5125\firstappglew\firstapp\firstapp.cpp(387): warning C4305: '*=': truncation from 'double' to 'GLfloat'
c:\users\vincentdu\desktop\csu_master\fall_2017\5125\firstappglew\firstapp\firstapp.cpp(393): warning C4305: '*=': truncation from 'double' to 'GLfloat'
c:\users\vincentdu\desktop\csu_master\fall_2017\5125\firstappglew\firstapp\firstapp.cpp(397): warning C4305: '*=': truncation from 'double' to 'GLfloat'
c:\users\vincentdu\desktop\csu_master\fall_2017\5125\firstappglew\firstapp\firstapp.cpp(418): warning C4244: 'argument': conversion from 'GLfloat' to 'int', possible loss of data
  FirstApp.vcxproj -> C:\Users\vincentdu\Desktop\csu_master\fall_2017\5125\FirstAppGLEW\Debug\FirstApp.exe
  FirstApp.vcxproj -> C:\Users\vincentdu\Desktop\csu_master\fall_2017\5125\FirstAppGLEW\Debug\FirstApp.pdb (Partial PDB)
