c:\users\csu\desktop\firstapp\firstapp\debug\initshader.obj
c:\users\csu\desktop\firstapp\firstapp\debug\example1.obj
c:\users\csu\desktop\firstapp\firstapp\debug\vc110.pdb
c:\users\csu\desktop\firstapp\debug\firstapp.ilk
c:\users\csu\desktop\firstapp\debug\firstapp.exe
c:\users\csu\desktop\firstapp\debug\firstapp.pdb
q:\users\obando_rodrigo\desktop\firstappglew\firstapp\debug\vc141.pdb
q:\users\obando_rodrigo\desktop\firstappglew\firstapp\debug\vc141.idb
q:\users\obando_rodrigo\desktop\firstappglew\firstapp\debug\firstapp.obj
q:\users\obando_rodrigo\desktop\firstappglew\firstapp\debug\initshader.obj
q:\users\obando_rodrigo\desktop\firstappglew\debug\firstapp.ilk
q:\users\obando_rodrigo\desktop\firstappglew\debug\firstapp.exe
q:\users\obando_rodrigo\desktop\firstappglew\debug\firstapp.pdb
q:\users\obando_rodrigo\desktop\firstappglew\firstapp\debug\example1.obj
q:\users\obando_rodrigo\desktop\firstappglew\firstapp\debug\cl.command.1.tlog
q:\users\obando_rodrigo\desktop\firstappglew\firstapp\debug\cl.read.1.tlog
q:\users\obando_rodrigo\desktop\firstappglew\firstapp\debug\cl.write.1.tlog
q:\users\obando_rodrigo\desktop\firstappglew\firstapp\debug\link-cvtres.read.1.tlog
q:\users\obando_rodrigo\desktop\firstappglew\firstapp\debug\link-cvtres.write.1.tlog
q:\users\obando_rodrigo\desktop\firstappglew\firstapp\debug\link-rc.read.1.tlog
q:\users\obando_rodrigo\desktop\firstappglew\firstapp\debug\link-rc.write.1.tlog
q:\users\obando_rodrigo\desktop\firstappglew\firstapp\debug\link.command.1.tlog
q:\users\obando_rodrigo\desktop\firstappglew\firstapp\debug\link.read.1.tlog
q:\users\obando_rodrigo\desktop\firstappglew\firstapp\debug\link.write.1.tlog
q:\users\obando_rodrigo\desktop\firstappglew\firstapp\debug\vc110.idb
q:\users\obando_rodrigo\desktop\firstappglew\firstapp\debug\vc120.idb
q:\users\obando_rodrigo\desktop\firstappglew\firstapp\debug\vc110.pdb
q:\users\obando_rodrigo\desktop\firstappglew\firstapp\debug\vc120.pdb
q:\users\obando_rodrigo\desktop\firstappglew\firstapp\debug\firstapp.tlog\cl.command.1.tlog
q:\users\obando_rodrigo\desktop\firstappglew\firstapp\debug\firstapp.tlog\cl.read.1.tlog
q:\users\obando_rodrigo\desktop\firstappglew\firstapp\debug\firstapp.tlog\cl.write.1.tlog
q:\users\obando_rodrigo\desktop\firstappglew\firstapp\debug\firstapp.tlog\link.command.1.tlog
q:\users\obando_rodrigo\desktop\firstappglew\firstapp\debug\firstapp.tlog\link.delete.1.tlog
q:\users\obando_rodrigo\desktop\firstappglew\firstapp\debug\firstapp.tlog\link.read.1.tlog
q:\users\obando_rodrigo\desktop\firstappglew\firstapp\debug\firstapp.tlog\link.write.1.tlog
